{"numTotalTestSuites":2,"numPassedTestSuites":0,"numFailedTestSuites":2,"numPendingTestSuites":0,"numTotalTests":4,"numPassedTests":3,"numFailedTests":1,"numPendingTests":0,"numTodoTests":0,"snapshot":{"added":0,"failure":false,"filesAdded":0,"filesRemoved":0,"filesRemovedList":[],"filesUnmatched":0,"filesUpdated":0,"matched":0,"total":0,"unchecked":0,"uncheckedKeysByFile":[],"unmatched":0,"updated":0,"didUpdate":false},"startTime":1777981879296,"success":false,"testResults":[{"assertionResults":[{"ancestorTitles":["GlucoseRecordHistoryService"],"fullName":"GlucoseRecordHistoryService appendCreated/appendUpdated/appendDeleted add events","status":"passed","title":"appendCreated/appendUpdated/appendDeleted add events","duration":4.712799999999959,"failureMessages":[],"meta":{},"tags":[]},{"ancestorTitles":["GlucoseRecordHistoryService"],"fullName":"GlucoseRecordHistoryService listByRecordId returns only the matching record's events","status":"passed","title":"listByRecordId returns only the matching record's events","duration":0.9790000000000418,"failureMessages":[],"meta":{},"tags":[]},{"ancestorTitles":["GlucoseRecordHistoryService"],"fullName":"GlucoseRecordHistoryService listAll(patientId) returns events for a patient in insertion order","status":"passed","title":"listAll(patientId) returns events for a patient in insertion order","duration":0.7547999999999888,"failureMessages":[],"meta":{},"tags":[]},{"ancestorTitles":["GlucoseRecordHistoryService"],"fullName":"GlucoseRecordHistoryService preserves snapshots when supplied","status":"failed","title":"preserves snapshots when supplied","duration":5.287399999999991,"failureMessages":["Error: process.exit unexpectedly called with \"1\"\n    at process.exit (file:///D:/AI/Project/SpecShip/node_modules/.pnpm/vitest@4.1.5_@types+node@22.19.17_@vitest+coverage-v8@4.1.5_jsdom@29.1.1_vite@8.0.10_@types+n_bxiczeptgqfohmk3qcpncchd4a/node_modules/vitest/dist/chunks/base.RR7zL1h0.js:109:9)\n    at assert (D:/AI/Project/SpecShip/.shipyard/projects/proj-1777822225464/sessions/sess-1777822225475/output/history-service.test.ts:16:13)\n    at assertDeepEqual (D:/AI/Project/SpecShip/.shipyard/projects/proj-1777822225464/sessions/sess-1777822225475/output/history-service.test.ts:30:3)\n    at D:/AI/Project/SpecShip/.shipyard/projects/proj-1777822225464/sessions/sess-1777822225475/output/history-service.test.ts:249:7\n    at processTicksAndRejections (node:internal/process/task_queues:105:5)\n    at runWithFakeTimers (D:/AI/Project/SpecShip/.shipyard/projects/proj-1777822225464/sessions/sess-1777822225475/output/history-service.test.ts:71:12)\n    at D:/AI/Project/SpecShip/.shipyard/projects/proj-1777822225464/sessions/sess-1777822225475/output/history-service.test.ts:236:5\n    at file:///D:/AI/Project/SpecShip/node_modules/.pnpm/@vitest+runner@4.1.5/node_modules/@vitest/runner/dist/chunk-artifact.js:1903:20"],"meta":{},"tags":[]}],"startTime":1777981879842,"endTime":1777981879854.2874,"status":"failed","message":"","name":"D:/AI/Project/SpecShip/.shipyard/projects/proj-1777822225464/sessions/sess-1777822225475/output/history-service.test.ts"}]}
